
**** Build of configuration Debug for project SPI_ESCLAVO ****

"C:\\ti\\ccsv8\\utils\\bin\\gmake" -k -j 4 all -O 
 
Building file: "../tm4c1294ncpdt_startup_ccs.c"
Invoking: ARM Compiler
"C:/ti/ccsv8/tools/compiler/ti-cgt-arm_18.1.4.LTS/bin/armcl" -mv7M4 --code_state=16 --float_support=FPv4SPD16 -me --include_path="C:/Users/Gamma/Desktop/Trabajo Servicio/TIVA/SPI_ESCLAVO" --include_path="C:/ti/TivaWare_C_Series-2.1.4.178/inc" --include_path="C:/ti/ccsv8/tools/compiler/ti-cgt-arm_18.1.4.LTS/include" --define=ccs="ccs" --define=PART_TM4C1294NCPDT -g --gcc --diag_warning=225 --diag_wrap=off --display_error_number --abi=eabi --preproc_with_compile --preproc_dependency="tm4c1294ncpdt_startup_ccs.d_raw"  "../tm4c1294ncpdt_startup_ccs.c"
Finished building: "../tm4c1294ncpdt_startup_ccs.c"
 
Building file: "../main.c"
Invoking: ARM Compiler
"C:/ti/ccsv8/tools/compiler/ti-cgt-arm_18.1.4.LTS/bin/armcl" -mv7M4 --code_state=16 --float_support=FPv4SPD16 -me --include_path="C:/Users/Gamma/Desktop/Trabajo Servicio/TIVA/SPI_ESCLAVO" --include_path="C:/ti/TivaWare_C_Series-2.1.4.178/inc" --include_path="C:/ti/ccsv8/tools/compiler/ti-cgt-arm_18.1.4.LTS/include" --define=ccs="ccs" --define=PART_TM4C1294NCPDT -g --gcc --diag_warning=225 --diag_wrap=off --display_error_number --abi=eabi --preproc_with_compile --preproc_dependency="main.d_raw"  "../main.c"
Finished building: "../main.c"
 
Building target: "SPI_ESCLAVO.out"
Invoking: ARM Linker
"C:/ti/ccsv8/tools/compiler/ti-cgt-arm_18.1.4.LTS/bin/armcl" -mv7M4 --code_state=16 --float_support=FPv4SPD16 -me --define=ccs="ccs" --define=PART_TM4C1294NCPDT -g --gcc --diag_warning=225 --diag_wrap=off --display_error_number --abi=eabi -z -m"SPI_ESCLAVO.map" --heap_size=0 --stack_size=512 -i"C:/ti/ccsv8/tools/compiler/ti-cgt-arm_18.1.4.LTS/lib" -i"C:/ti/ccsv8/tools/compiler/ti-cgt-arm_18.1.4.LTS/include" --reread_libs --diag_wrap=off --display_error_number --warn_sections --xml_link_info="SPI_ESCLAVO_linkInfo.xml" --rom_model -o "SPI_ESCLAVO.out" "./main.obj" "./tm4c1294ncpdt_startup_ccs.obj" "../tm4c1294ncpdt.cmd"  -llibc.a 
<Linking>
Finished building target: "SPI_ESCLAVO.out"
 

**** Build Finished ****

**** Build of configuration Debug for project SPI_ESCLAVO ****

"C:\\ti\\ccsv8\\utils\\bin\\gmake" -k -j 4 all -O 
 
gmake[1]: 'SPI_ESCLAVO.out' is up to date.

**** Build Finished ****

**** Build of configuration Debug for project SPI_ESCLAVO ****

"C:\\ti\\ccsv8\\utils\\bin\\gmake" -k -j 4 all -O 
 
Building file: "../main.c"
Invoking: ARM Compiler
"C:/ti/ccsv8/tools/compiler/ti-cgt-arm_18.1.4.LTS/bin/armcl" -mv7M4 --code_state=16 --float_support=FPv4SPD16 -me --include_path="C:/Users/Gamma/Desktop/Trabajo Servicio/TIVA/SPI_ESCLAVO" --include_path="C:/ti/TivaWare_C_Series-2.1.4.178/inc" --include_path="C:/ti/ccsv8/tools/compiler/ti-cgt-arm_18.1.4.LTS/include" --define=ccs="ccs" --define=PART_TM4C1294NCPDT -g --gcc --diag_warning=225 --diag_wrap=off --display_error_number --abi=eabi --preproc_with_compile --preproc_dependency="main.d_raw"  "../main.c"
Finished building: "../main.c"
 
Building target: "SPI_ESCLAVO.out"
Invoking: ARM Linker
"C:/ti/ccsv8/tools/compiler/ti-cgt-arm_18.1.4.LTS/bin/armcl" -mv7M4 --code_state=16 --float_support=FPv4SPD16 -me --define=ccs="ccs" --define=PART_TM4C1294NCPDT -g --gcc --diag_warning=225 --diag_wrap=off --display_error_number --abi=eabi -z -m"SPI_ESCLAVO.map" --heap_size=0 --stack_size=512 -i"C:/ti/ccsv8/tools/compiler/ti-cgt-arm_18.1.4.LTS/lib" -i"C:/ti/ccsv8/tools/compiler/ti-cgt-arm_18.1.4.LTS/include" --reread_libs --diag_wrap=off --display_error_number --warn_sections --xml_link_info="SPI_ESCLAVO_linkInfo.xml" --rom_model -o "SPI_ESCLAVO.out" "./main.obj" "./tm4c1294ncpdt_startup_ccs.obj" "../tm4c1294ncpdt.cmd"  -llibc.a 
<Linking>
Finished building target: "SPI_ESCLAVO.out"
 

**** Build Finished ****

**** Build of configuration Debug for project SPI_ESCLAVO ****

"C:\\ti\\ccsv8\\utils\\bin\\gmake" -k -j 4 all -O 
 
Building file: "../main.c"
Invoking: ARM Compiler
"C:/ti/ccsv8/tools/compiler/ti-cgt-arm_18.1.4.LTS/bin/armcl" -mv7M4 --code_state=16 --float_support=FPv4SPD16 -me --include_path="C:/Users/Gamma/Desktop/Trabajo Servicio/TIVA/SPI_ESCLAVO" --include_path="C:/ti/TivaWare_C_Series-2.1.4.178/inc" --include_path="C:/ti/ccsv8/tools/compiler/ti-cgt-arm_18.1.4.LTS/include" --define=ccs="ccs" --define=PART_TM4C1294NCPDT -g --gcc --diag_warning=225 --diag_wrap=off --display_error_number --abi=eabi --preproc_with_compile --preproc_dependency="main.d_raw"  "../main.c"
Finished building: "../main.c"
 
Building target: "SPI_ESCLAVO.out"
Invoking: ARM Linker
"C:/ti/ccsv8/tools/compiler/ti-cgt-arm_18.1.4.LTS/bin/armcl" -mv7M4 --code_state=16 --float_support=FPv4SPD16 -me --define=ccs="ccs" --define=PART_TM4C1294NCPDT -g --gcc --diag_warning=225 --diag_wrap=off --display_error_number --abi=eabi -z -m"SPI_ESCLAVO.map" --heap_size=0 --stack_size=512 -i"C:/ti/ccsv8/tools/compiler/ti-cgt-arm_18.1.4.LTS/lib" -i"C:/ti/ccsv8/tools/compiler/ti-cgt-arm_18.1.4.LTS/include" --reread_libs --diag_wrap=off --display_error_number --warn_sections --xml_link_info="SPI_ESCLAVO_linkInfo.xml" --rom_model -o "SPI_ESCLAVO.out" "./main.obj" "./tm4c1294ncpdt_startup_ccs.obj" "../tm4c1294ncpdt.cmd"  -llibc.a 
<Linking>
Finished building target: "SPI_ESCLAVO.out"
 

**** Build Finished ****

**** Build of configuration Debug for project SPI_ESCLAVO ****

"C:\\ti\\ccsv8\\utils\\bin\\gmake" -k -j 4 all -O 
 
Building file: "../main.c"
Invoking: ARM Compiler
"C:/ti/ccsv8/tools/compiler/ti-cgt-arm_18.1.4.LTS/bin/armcl" -mv7M4 --code_state=16 --float_support=FPv4SPD16 -me --include_path="C:/Users/Gamma/Desktop/Trabajo Servicio/TIVA/SPI_ESCLAVO" --include_path="C:/ti/TivaWare_C_Series-2.1.4.178/inc" --include_path="C:/ti/ccsv8/tools/compiler/ti-cgt-arm_18.1.4.LTS/include" --define=ccs="ccs" --define=PART_TM4C1294NCPDT -g --gcc --diag_warning=225 --diag_wrap=off --display_error_number --abi=eabi --preproc_with_compile --preproc_dependency="main.d_raw"  "../main.c"
Finished building: "../main.c"
 
Building target: "SPI_ESCLAVO.out"
Invoking: ARM Linker
"C:/ti/ccsv8/tools/compiler/ti-cgt-arm_18.1.4.LTS/bin/armcl" -mv7M4 --code_state=16 --float_support=FPv4SPD16 -me --define=ccs="ccs" --define=PART_TM4C1294NCPDT -g --gcc --diag_warning=225 --diag_wrap=off --display_error_number --abi=eabi -z -m"SPI_ESCLAVO.map" --heap_size=0 --stack_size=512 -i"C:/ti/ccsv8/tools/compiler/ti-cgt-arm_18.1.4.LTS/lib" -i"C:/ti/ccsv8/tools/compiler/ti-cgt-arm_18.1.4.LTS/include" --reread_libs --diag_wrap=off --display_error_number --warn_sections --xml_link_info="SPI_ESCLAVO_linkInfo.xml" --rom_model -o "SPI_ESCLAVO.out" "./main.obj" "./tm4c1294ncpdt_startup_ccs.obj" "../tm4c1294ncpdt.cmd"  -llibc.a 
<Linking>
Finished building target: "SPI_ESCLAVO.out"
 

**** Build Finished ****

**** Build of configuration Debug for project SPI_ESCLAVO ****

"C:\\ti\\ccsv8\\utils\\bin\\gmake" -k -j 4 all -O 
 
gmake[1]: 'SPI_ESCLAVO.out' is up to date.

**** Build Finished ****

**** Build of configuration Debug for project SPI_ESCLAVO ****

"C:\\ti\\ccsv8\\utils\\bin\\gmake" -k -j 4 all -O 
 
gmake[1]: 'SPI_ESCLAVO.out' is up to date.

**** Build Finished ****

**** Build of configuration Debug for project SPI_ESCLAVO ****

"C:\\ti\\ccsv8\\utils\\bin\\gmake" -k -j 4 all -O 
 
Building file: "../main.c"
Invoking: ARM Compiler
"C:/ti/ccsv8/tools/compiler/ti-cgt-arm_18.1.4.LTS/bin/armcl" -mv7M4 --code_state=16 --float_support=FPv4SPD16 -me --include_path="C:/Users/Gamma/Desktop/Trabajo Servicio/TIVA/SPI_ESCLAVO" --include_path="C:/ti/TivaWare_C_Series-2.1.4.178/inc" --include_path="C:/ti/ccsv8/tools/compiler/ti-cgt-arm_18.1.4.LTS/include" --define=ccs="ccs" --define=PART_TM4C1294NCPDT -g --gcc --diag_warning=225 --diag_wrap=off --display_error_number --abi=eabi --preproc_with_compile --preproc_dependency="main.d_raw"  "../main.c"
Finished building: "../main.c"
 
Building target: "SPI_ESCLAVO.out"
Invoking: ARM Linker
"C:/ti/ccsv8/tools/compiler/ti-cgt-arm_18.1.4.LTS/bin/armcl" -mv7M4 --code_state=16 --float_support=FPv4SPD16 -me --define=ccs="ccs" --define=PART_TM4C1294NCPDT -g --gcc --diag_warning=225 --diag_wrap=off --display_error_number --abi=eabi -z -m"SPI_ESCLAVO.map" --heap_size=0 --stack_size=512 -i"C:/ti/ccsv8/tools/compiler/ti-cgt-arm_18.1.4.LTS/lib" -i"C:/ti/ccsv8/tools/compiler/ti-cgt-arm_18.1.4.LTS/include" --reread_libs --diag_wrap=off --display_error_number --warn_sections --xml_link_info="SPI_ESCLAVO_linkInfo.xml" --rom_model -o "SPI_ESCLAVO.out" "./main.obj" "./tm4c1294ncpdt_startup_ccs.obj" "../tm4c1294ncpdt.cmd"  -llibc.a 
<Linking>
Finished building target: "SPI_ESCLAVO.out"
 

**** Build Finished ****

**** Build of configuration Debug for project SPI_ESCLAVO ****

"C:\\ti\\ccsv8\\utils\\bin\\gmake" -k -j 4 all -O 
 
Building file: "../main.c"
Invoking: ARM Compiler
"C:/ti/ccsv8/tools/compiler/ti-cgt-arm_18.1.4.LTS/bin/armcl" -mv7M4 --code_state=16 --float_support=FPv4SPD16 -me --include_path="C:/Users/Gamma/Desktop/Trabajo Servicio/TIVA/SPI_ESCLAVO" --include_path="C:/ti/TivaWare_C_Series-2.1.4.178/inc" --include_path="C:/ti/ccsv8/tools/compiler/ti-cgt-arm_18.1.4.LTS/include" --define=ccs="ccs" --define=PART_TM4C1294NCPDT -g --gcc --diag_warning=225 --diag_wrap=off --display_error_number --abi=eabi --preproc_with_compile --preproc_dependency="main.d_raw"  "../main.c"
Finished building: "../main.c"
 
Building target: "SPI_ESCLAVO.out"
Invoking: ARM Linker
"C:/ti/ccsv8/tools/compiler/ti-cgt-arm_18.1.4.LTS/bin/armcl" -mv7M4 --code_state=16 --float_support=FPv4SPD16 -me --define=ccs="ccs" --define=PART_TM4C1294NCPDT -g --gcc --diag_warning=225 --diag_wrap=off --display_error_number --abi=eabi -z -m"SPI_ESCLAVO.map" --heap_size=0 --stack_size=512 -i"C:/ti/ccsv8/tools/compiler/ti-cgt-arm_18.1.4.LTS/lib" -i"C:/ti/ccsv8/tools/compiler/ti-cgt-arm_18.1.4.LTS/include" --reread_libs --diag_wrap=off --display_error_number --warn_sections --xml_link_info="SPI_ESCLAVO_linkInfo.xml" --rom_model -o "SPI_ESCLAVO.out" "./main.obj" "./tm4c1294ncpdt_startup_ccs.obj" "../tm4c1294ncpdt.cmd"  -llibc.a 
<Linking>
Finished building target: "SPI_ESCLAVO.out"
 

**** Build Finished ****

**** Build of configuration Debug for project SPI_ESCLAVO ****

"C:\\ti\\ccsv8\\utils\\bin\\gmake" -k -j 4 all -O 
 
gmake[1]: 'SPI_ESCLAVO.out' is up to date.

**** Build Finished ****

**** Build of configuration Debug for project SPI_ESCLAVO ****

"C:\\ti\\ccsv8\\utils\\bin\\gmake" -k -j 4 all -O 
 
gmake[1]: 'SPI_ESCLAVO.out' is up to date.

**** Build Finished ****

**** Build of configuration Debug for project SPI_ESCLAVO ****

"C:\\ti\\ccsv8\\utils\\bin\\gmake" -k -j 4 all -O 
 
Building file: "../main.c"
Invoking: ARM Compiler
"C:/ti/ccsv8/tools/compiler/ti-cgt-arm_18.1.4.LTS/bin/armcl" -mv7M4 --code_state=16 --float_support=FPv4SPD16 -me --include_path="C:/Users/Gamma/Desktop/Trabajo Servicio/TIVA/SPI_ESCLAVO" --include_path="C:/ti/TivaWare_C_Series-2.1.4.178/inc" --include_path="C:/ti/ccsv8/tools/compiler/ti-cgt-arm_18.1.4.LTS/include" --define=ccs="ccs" --define=PART_TM4C1294NCPDT -g --gcc --diag_warning=225 --diag_wrap=off --display_error_number --abi=eabi --preproc_with_compile --preproc_dependency="main.d_raw"  "../main.c"
 
>> Compilation failure
subdir_rules.mk:9: recipe for target 'main.obj' failed
"../main.c", line 61: error #20: identifier "dato" is undefined
"../main.c", line 61: error #18: expected a ")"
2 errors detected in the compilation of "../main.c".
gmake: *** [main.obj] Error 1
gmake: Target 'all' not remade because of errors.

**** Build Finished ****

**** Build of configuration Debug for project SPI_ESCLAVO ****

"C:\\ti\\ccsv8\\utils\\bin\\gmake" -k -j 4 all -O 
 
Building file: "../main.c"
Invoking: ARM Compiler
"C:/ti/ccsv8/tools/compiler/ti-cgt-arm_18.1.4.LTS/bin/armcl" -mv7M4 --code_state=16 --float_support=FPv4SPD16 -me --include_path="C:/Users/Gamma/Desktop/Trabajo Servicio/TIVA/SPI_ESCLAVO" --include_path="C:/ti/TivaWare_C_Series-2.1.4.178/inc" --include_path="C:/ti/ccsv8/tools/compiler/ti-cgt-arm_18.1.4.LTS/include" --define=ccs="ccs" --define=PART_TM4C1294NCPDT -g --gcc --diag_warning=225 --diag_wrap=off --display_error_number --abi=eabi --preproc_with_compile --preproc_dependency="main.d_raw"  "../main.c"
Finished building: "../main.c"
 
Building target: "SPI_ESCLAVO.out"
Invoking: ARM Linker
"C:/ti/ccsv8/tools/compiler/ti-cgt-arm_18.1.4.LTS/bin/armcl" -mv7M4 --code_state=16 --float_support=FPv4SPD16 -me --define=ccs="ccs" --define=PART_TM4C1294NCPDT -g --gcc --diag_warning=225 --diag_wrap=off --display_error_number --abi=eabi -z -m"SPI_ESCLAVO.map" --heap_size=0 --stack_size=512 -i"C:/ti/ccsv8/tools/compiler/ti-cgt-arm_18.1.4.LTS/lib" -i"C:/ti/ccsv8/tools/compiler/ti-cgt-arm_18.1.4.LTS/include" --reread_libs --diag_wrap=off --display_error_number --warn_sections --xml_link_info="SPI_ESCLAVO_linkInfo.xml" --rom_model -o "SPI_ESCLAVO.out" "./main.obj" "./tm4c1294ncpdt_startup_ccs.obj" "../tm4c1294ncpdt.cmd"  -llibc.a 
<Linking>
Finished building target: "SPI_ESCLAVO.out"
 

**** Build Finished ****

**** Build of configuration Debug for project SPI_ESCLAVO ****

"C:\\ti\\ccsv8\\utils\\bin\\gmake" -k -j 4 all -O 
 
gmake[1]: 'SPI_ESCLAVO.out' is up to date.

**** Build Finished ****

**** Build of configuration Debug for project SPI_ESCLAVO ****

"C:\\ti\\ccsv8\\utils\\bin\\gmake" -k -j 4 all -O 
 
Building file: "../main.c"
Invoking: ARM Compiler
"C:/ti/ccsv8/tools/compiler/ti-cgt-arm_18.1.4.LTS/bin/armcl" -mv7M4 --code_state=16 --float_support=FPv4SPD16 -me --include_path="C:/Users/Gamma/Desktop/Trabajo Servicio/TIVA/SPI_ESCLAVO" --include_path="C:/ti/TivaWare_C_Series-2.1.4.178/inc" --include_path="C:/ti/ccsv8/tools/compiler/ti-cgt-arm_18.1.4.LTS/include" --define=ccs="ccs" --define=PART_TM4C1294NCPDT -g --gcc --diag_warning=225 --diag_wrap=off --display_error_number --abi=eabi --preproc_with_compile --preproc_dependency="main.d_raw"  "../main.c"
Finished building: "../main.c"
 
Building target: "SPI_ESCLAVO.out"
Invoking: ARM Linker
"C:/ti/ccsv8/tools/compiler/ti-cgt-arm_18.1.4.LTS/bin/armcl" -mv7M4 --code_state=16 --float_support=FPv4SPD16 -me --define=ccs="ccs" --define=PART_TM4C1294NCPDT -g --gcc --diag_warning=225 --diag_wrap=off --display_error_number --abi=eabi -z -m"SPI_ESCLAVO.map" --heap_size=0 --stack_size=512 -i"C:/ti/ccsv8/tools/compiler/ti-cgt-arm_18.1.4.LTS/lib" -i"C:/ti/ccsv8/tools/compiler/ti-cgt-arm_18.1.4.LTS/include" --reread_libs --diag_wrap=off --display_error_number --warn_sections --xml_link_info="SPI_ESCLAVO_linkInfo.xml" --rom_model -o "SPI_ESCLAVO.out" "./main.obj" "./tm4c1294ncpdt_startup_ccs.obj" "../tm4c1294ncpdt.cmd"  -llibc.a 
<Linking>
Finished building target: "SPI_ESCLAVO.out"
 

**** Build Finished ****

**** Build of configuration Debug for project SPI_ESCLAVO ****

"C:\\ti\\ccsv8\\utils\\bin\\gmake" -k -j 4 all -O 
 
Building file: "../main.c"
Invoking: ARM Compiler
"C:/ti/ccsv8/tools/compiler/ti-cgt-arm_18.1.4.LTS/bin/armcl" -mv7M4 --code_state=16 --float_support=FPv4SPD16 -me --include_path="C:/Users/Gamma/Desktop/Trabajo Servicio/TIVA/SPI_ESCLAVO" --include_path="C:/ti/TivaWare_C_Series-2.1.4.178/inc" --include_path="C:/ti/ccsv8/tools/compiler/ti-cgt-arm_18.1.4.LTS/include" --define=ccs="ccs" --define=PART_TM4C1294NCPDT -g --gcc --diag_warning=225 --diag_wrap=off --display_error_number --abi=eabi --preproc_with_compile --preproc_dependency="main.d_raw"  "../main.c"
Finished building: "../main.c"
 
Building target: "SPI_ESCLAVO.out"
Invoking: ARM Linker
"C:/ti/ccsv8/tools/compiler/ti-cgt-arm_18.1.4.LTS/bin/armcl" -mv7M4 --code_state=16 --float_support=FPv4SPD16 -me --define=ccs="ccs" --define=PART_TM4C1294NCPDT -g --gcc --diag_warning=225 --diag_wrap=off --display_error_number --abi=eabi -z -m"SPI_ESCLAVO.map" --heap_size=0 --stack_size=512 -i"C:/ti/ccsv8/tools/compiler/ti-cgt-arm_18.1.4.LTS/lib" -i"C:/ti/ccsv8/tools/compiler/ti-cgt-arm_18.1.4.LTS/include" --reread_libs --diag_wrap=off --display_error_number --warn_sections --xml_link_info="SPI_ESCLAVO_linkInfo.xml" --rom_model -o "SPI_ESCLAVO.out" "./main.obj" "./tm4c1294ncpdt_startup_ccs.obj" "../tm4c1294ncpdt.cmd"  -llibc.a 
<Linking>
Finished building target: "SPI_ESCLAVO.out"
 

**** Build Finished ****

**** Build of configuration Debug for project SPI_ESCLAVO ****

"C:\\ti\\ccsv8\\utils\\bin\\gmake" -k -j 4 all -O 
 
Building file: "../main.c"
Invoking: ARM Compiler
"C:/ti/ccsv8/tools/compiler/ti-cgt-arm_18.1.4.LTS/bin/armcl" -mv7M4 --code_state=16 --float_support=FPv4SPD16 -me --include_path="C:/Users/Gamma/Desktop/Trabajo Servicio/TIVA/SPI_ESCLAVO" --include_path="C:/ti/TivaWare_C_Series-2.1.4.178/inc" --include_path="C:/ti/ccsv8/tools/compiler/ti-cgt-arm_18.1.4.LTS/include" --define=ccs="ccs" --define=PART_TM4C1294NCPDT -g --gcc --diag_warning=225 --diag_wrap=off --display_error_number --abi=eabi --preproc_with_compile --preproc_dependency="main.d_raw"  "../main.c"
Finished building: "../main.c"
 
Building target: "SPI_ESCLAVO.out"
Invoking: ARM Linker
"C:/ti/ccsv8/tools/compiler/ti-cgt-arm_18.1.4.LTS/bin/armcl" -mv7M4 --code_state=16 --float_support=FPv4SPD16 -me --define=ccs="ccs" --define=PART_TM4C1294NCPDT -g --gcc --diag_warning=225 --diag_wrap=off --display_error_number --abi=eabi -z -m"SPI_ESCLAVO.map" --heap_size=0 --stack_size=512 -i"C:/ti/ccsv8/tools/compiler/ti-cgt-arm_18.1.4.LTS/lib" -i"C:/ti/ccsv8/tools/compiler/ti-cgt-arm_18.1.4.LTS/include" --reread_libs --diag_wrap=off --display_error_number --warn_sections --xml_link_info="SPI_ESCLAVO_linkInfo.xml" --rom_model -o "SPI_ESCLAVO.out" "./main.obj" "./tm4c1294ncpdt_startup_ccs.obj" "../tm4c1294ncpdt.cmd"  -llibc.a 
<Linking>
Finished building target: "SPI_ESCLAVO.out"
 

**** Build Finished ****

**** Build of configuration Debug for project SPI_ESCLAVO ****

"C:\\ti\\ccsv8\\utils\\bin\\gmake" -k -j 4 all -O 
 
Building file: "../main.c"
Invoking: ARM Compiler
"C:/ti/ccsv8/tools/compiler/ti-cgt-arm_18.1.4.LTS/bin/armcl" -mv7M4 --code_state=16 --float_support=FPv4SPD16 -me --include_path="C:/Users/Gamma/Desktop/Trabajo Servicio/TIVA/SPI_ESCLAVO" --include_path="C:/ti/TivaWare_C_Series-2.1.4.178/inc" --include_path="C:/ti/ccsv8/tools/compiler/ti-cgt-arm_18.1.4.LTS/include" --define=ccs="ccs" --define=PART_TM4C1294NCPDT -g --gcc --diag_warning=225 --diag_wrap=off --display_error_number --abi=eabi --preproc_with_compile --preproc_dependency="main.d_raw"  "../main.c"
Finished building: "../main.c"
 
Building target: "SPI_ESCLAVO.out"
Invoking: ARM Linker
"C:/ti/ccsv8/tools/compiler/ti-cgt-arm_18.1.4.LTS/bin/armcl" -mv7M4 --code_state=16 --float_support=FPv4SPD16 -me --define=ccs="ccs" --define=PART_TM4C1294NCPDT -g --gcc --diag_warning=225 --diag_wrap=off --display_error_number --abi=eabi -z -m"SPI_ESCLAVO.map" --heap_size=0 --stack_size=512 -i"C:/ti/ccsv8/tools/compiler/ti-cgt-arm_18.1.4.LTS/lib" -i"C:/ti/ccsv8/tools/compiler/ti-cgt-arm_18.1.4.LTS/include" --reread_libs --diag_wrap=off --display_error_number --warn_sections --xml_link_info="SPI_ESCLAVO_linkInfo.xml" --rom_model -o "SPI_ESCLAVO.out" "./main.obj" "./tm4c1294ncpdt_startup_ccs.obj" "../tm4c1294ncpdt.cmd"  -llibc.a 
<Linking>
Finished building target: "SPI_ESCLAVO.out"
 

**** Build Finished ****

**** Build of configuration Debug for project SPI_ESCLAVO ****

"C:\\ti\\ccsv8\\utils\\bin\\gmake" -k -j 4 all -O 
 
Building file: "../main.c"
Invoking: ARM Compiler
"C:/ti/ccsv8/tools/compiler/ti-cgt-arm_18.1.4.LTS/bin/armcl" -mv7M4 --code_state=16 --float_support=FPv4SPD16 -me --include_path="C:/Users/Gamma/Desktop/Trabajo Servicio/TIVA/SPI_ESCLAVO" --include_path="C:/ti/TivaWare_C_Series-2.1.4.178/inc" --include_path="C:/ti/ccsv8/tools/compiler/ti-cgt-arm_18.1.4.LTS/include" --define=ccs="ccs" --define=PART_TM4C1294NCPDT -g --gcc --diag_warning=225 --diag_wrap=off --display_error_number --abi=eabi --preproc_with_compile --preproc_dependency="main.d_raw"  "../main.c"
Finished building: "../main.c"
 
Building target: "SPI_ESCLAVO.out"
Invoking: ARM Linker
"C:/ti/ccsv8/tools/compiler/ti-cgt-arm_18.1.4.LTS/bin/armcl" -mv7M4 --code_state=16 --float_support=FPv4SPD16 -me --define=ccs="ccs" --define=PART_TM4C1294NCPDT -g --gcc --diag_warning=225 --diag_wrap=off --display_error_number --abi=eabi -z -m"SPI_ESCLAVO.map" --heap_size=0 --stack_size=512 -i"C:/ti/ccsv8/tools/compiler/ti-cgt-arm_18.1.4.LTS/lib" -i"C:/ti/ccsv8/tools/compiler/ti-cgt-arm_18.1.4.LTS/include" --reread_libs --diag_wrap=off --display_error_number --warn_sections --xml_link_info="SPI_ESCLAVO_linkInfo.xml" --rom_model -o "SPI_ESCLAVO.out" "./main.obj" "./tm4c1294ncpdt_startup_ccs.obj" "../tm4c1294ncpdt.cmd"  -llibc.a 
<Linking>
Finished building target: "SPI_ESCLAVO.out"
 

**** Build Finished ****

**** Build of configuration Debug for project SPI_ESCLAVO ****

"C:\\ti\\ccsv8\\utils\\bin\\gmake" -k -j 4 all -O 
 
Building file: "../main.c"
Invoking: ARM Compiler
"C:/ti/ccsv8/tools/compiler/ti-cgt-arm_18.1.4.LTS/bin/armcl" -mv7M4 --code_state=16 --float_support=FPv4SPD16 -me --include_path="C:/Users/Gamma/Desktop/Trabajo Servicio/TIVA/SPI_ESCLAVO" --include_path="C:/ti/TivaWare_C_Series-2.1.4.178/inc" --include_path="C:/ti/ccsv8/tools/compiler/ti-cgt-arm_18.1.4.LTS/include" --define=ccs="ccs" --define=PART_TM4C1294NCPDT -g --gcc --diag_warning=225 --diag_wrap=off --display_error_number --abi=eabi --preproc_with_compile --preproc_dependency="main.d_raw"  "../main.c"
Finished building: "../main.c"
 
Building target: "SPI_ESCLAVO.out"
Invoking: ARM Linker
"C:/ti/ccsv8/tools/compiler/ti-cgt-arm_18.1.4.LTS/bin/armcl" -mv7M4 --code_state=16 --float_support=FPv4SPD16 -me --define=ccs="ccs" --define=PART_TM4C1294NCPDT -g --gcc --diag_warning=225 --diag_wrap=off --display_error_number --abi=eabi -z -m"SPI_ESCLAVO.map" --heap_size=0 --stack_size=512 -i"C:/ti/ccsv8/tools/compiler/ti-cgt-arm_18.1.4.LTS/lib" -i"C:/ti/ccsv8/tools/compiler/ti-cgt-arm_18.1.4.LTS/include" --reread_libs --diag_wrap=off --display_error_number --warn_sections --xml_link_info="SPI_ESCLAVO_linkInfo.xml" --rom_model -o "SPI_ESCLAVO.out" "./main.obj" "./tm4c1294ncpdt_startup_ccs.obj" "../tm4c1294ncpdt.cmd"  -llibc.a 
<Linking>
Finished building target: "SPI_ESCLAVO.out"
 

**** Build Finished ****

**** Build of configuration Debug for project SPI_ESCLAVO ****

"C:\\ti\\ccsv8\\utils\\bin\\gmake" -k -j 4 all -O 
 
Building file: "../main.c"
Invoking: ARM Compiler
"C:/ti/ccsv8/tools/compiler/ti-cgt-arm_18.1.4.LTS/bin/armcl" -mv7M4 --code_state=16 --float_support=FPv4SPD16 -me --include_path="C:/Users/Gamma/Desktop/Trabajo Servicio/TIVA/SPI_ESCLAVO" --include_path="C:/ti/TivaWare_C_Series-2.1.4.178/inc" --include_path="C:/ti/ccsv8/tools/compiler/ti-cgt-arm_18.1.4.LTS/include" --define=ccs="ccs" --define=PART_TM4C1294NCPDT -g --gcc --diag_warning=225 --diag_wrap=off --display_error_number --abi=eabi --preproc_with_compile --preproc_dependency="main.d_raw"  "../main.c"
Finished building: "../main.c"
 
Building target: "SPI_ESCLAVO.out"
Invoking: ARM Linker
"C:/ti/ccsv8/tools/compiler/ti-cgt-arm_18.1.4.LTS/bin/armcl" -mv7M4 --code_state=16 --float_support=FPv4SPD16 -me --define=ccs="ccs" --define=PART_TM4C1294NCPDT -g --gcc --diag_warning=225 --diag_wrap=off --display_error_number --abi=eabi -z -m"SPI_ESCLAVO.map" --heap_size=0 --stack_size=512 -i"C:/ti/ccsv8/tools/compiler/ti-cgt-arm_18.1.4.LTS/lib" -i"C:/ti/ccsv8/tools/compiler/ti-cgt-arm_18.1.4.LTS/include" --reread_libs --diag_wrap=off --display_error_number --warn_sections --xml_link_info="SPI_ESCLAVO_linkInfo.xml" --rom_model -o "SPI_ESCLAVO.out" "./main.obj" "./tm4c1294ncpdt_startup_ccs.obj" "../tm4c1294ncpdt.cmd"  -llibc.a 
<Linking>
Finished building target: "SPI_ESCLAVO.out"
 

**** Build Finished ****

**** Build of configuration Debug for project SPI_ESCLAVO ****

"C:\\ti\\ccsv8\\utils\\bin\\gmake" -k -j 4 all -O 
 
Building file: "../main.c"
Invoking: ARM Compiler
"C:/ti/ccsv8/tools/compiler/ti-cgt-arm_18.1.4.LTS/bin/armcl" -mv7M4 --code_state=16 --float_support=FPv4SPD16 -me --include_path="C:/Users/Gamma/Desktop/Trabajo Servicio/TIVA/SPI_ESCLAVO" --include_path="C:/ti/TivaWare_C_Series-2.1.4.178/inc" --include_path="C:/ti/ccsv8/tools/compiler/ti-cgt-arm_18.1.4.LTS/include" --define=ccs="ccs" --define=PART_TM4C1294NCPDT -g --gcc --diag_warning=225 --diag_wrap=off --display_error_number --abi=eabi --preproc_with_compile --preproc_dependency="main.d_raw"  "../main.c"
Finished building: "../main.c"
 
Building target: "SPI_ESCLAVO.out"
Invoking: ARM Linker
"C:/ti/ccsv8/tools/compiler/ti-cgt-arm_18.1.4.LTS/bin/armcl" -mv7M4 --code_state=16 --float_support=FPv4SPD16 -me --define=ccs="ccs" --define=PART_TM4C1294NCPDT -g --gcc --diag_warning=225 --diag_wrap=off --display_error_number --abi=eabi -z -m"SPI_ESCLAVO.map" --heap_size=0 --stack_size=512 -i"C:/ti/ccsv8/tools/compiler/ti-cgt-arm_18.1.4.LTS/lib" -i"C:/ti/ccsv8/tools/compiler/ti-cgt-arm_18.1.4.LTS/include" --reread_libs --diag_wrap=off --display_error_number --warn_sections --xml_link_info="SPI_ESCLAVO_linkInfo.xml" --rom_model -o "SPI_ESCLAVO.out" "./main.obj" "./tm4c1294ncpdt_startup_ccs.obj" "../tm4c1294ncpdt.cmd"  -llibc.a 
<Linking>
Finished building target: "SPI_ESCLAVO.out"
 

**** Build Finished ****

**** Build of configuration Debug for project SPI_ESCLAVO ****

"C:\\ti\\ccsv8\\utils\\bin\\gmake" -k -j 4 all -O 
 
Building file: "../main.c"
Invoking: ARM Compiler
"C:/ti/ccsv8/tools/compiler/ti-cgt-arm_18.1.4.LTS/bin/armcl" -mv7M4 --code_state=16 --float_support=FPv4SPD16 -me --include_path="C:/Users/Gamma/Desktop/Trabajo Servicio/TIVA/SPI_ESCLAVO" --include_path="C:/ti/TivaWare_C_Series-2.1.4.178/inc" --include_path="C:/ti/ccsv8/tools/compiler/ti-cgt-arm_18.1.4.LTS/include" --define=ccs="ccs" --define=PART_TM4C1294NCPDT -g --gcc --diag_warning=225 --diag_wrap=off --display_error_number --abi=eabi --preproc_with_compile --preproc_dependency="main.d_raw"  "../main.c"
Finished building: "../main.c"
 
Building target: "SPI_ESCLAVO.out"
Invoking: ARM Linker
"C:/ti/ccsv8/tools/compiler/ti-cgt-arm_18.1.4.LTS/bin/armcl" -mv7M4 --code_state=16 --float_support=FPv4SPD16 -me --define=ccs="ccs" --define=PART_TM4C1294NCPDT -g --gcc --diag_warning=225 --diag_wrap=off --display_error_number --abi=eabi -z -m"SPI_ESCLAVO.map" --heap_size=0 --stack_size=512 -i"C:/ti/ccsv8/tools/compiler/ti-cgt-arm_18.1.4.LTS/lib" -i"C:/ti/ccsv8/tools/compiler/ti-cgt-arm_18.1.4.LTS/include" --reread_libs --diag_wrap=off --display_error_number --warn_sections --xml_link_info="SPI_ESCLAVO_linkInfo.xml" --rom_model -o "SPI_ESCLAVO.out" "./main.obj" "./tm4c1294ncpdt_startup_ccs.obj" "../tm4c1294ncpdt.cmd"  -llibc.a 
<Linking>
Finished building target: "SPI_ESCLAVO.out"
 

**** Build Finished ****

**** Build of configuration Debug for project SPI_ESCLAVO ****

"C:\\ti\\ccsv8\\utils\\bin\\gmake" -k -j 4 all -O 
 
Building file: "../main.c"
Invoking: ARM Compiler
"C:/ti/ccsv8/tools/compiler/ti-cgt-arm_18.1.4.LTS/bin/armcl" -mv7M4 --code_state=16 --float_support=FPv4SPD16 -me --include_path="C:/Users/Gamma/Desktop/Trabajo Servicio/TIVA/SPI_ESCLAVO" --include_path="C:/ti/TivaWare_C_Series-2.1.4.178/inc" --include_path="C:/ti/ccsv8/tools/compiler/ti-cgt-arm_18.1.4.LTS/include" --define=ccs="ccs" --define=PART_TM4C1294NCPDT -g --gcc --diag_warning=225 --diag_wrap=off --display_error_number --abi=eabi --preproc_with_compile --preproc_dependency="main.d_raw"  "../main.c"
Finished building: "../main.c"
 
Building target: "SPI_ESCLAVO.out"
Invoking: ARM Linker
"C:/ti/ccsv8/tools/compiler/ti-cgt-arm_18.1.4.LTS/bin/armcl" -mv7M4 --code_state=16 --float_support=FPv4SPD16 -me --define=ccs="ccs" --define=PART_TM4C1294NCPDT -g --gcc --diag_warning=225 --diag_wrap=off --display_error_number --abi=eabi -z -m"SPI_ESCLAVO.map" --heap_size=0 --stack_size=512 -i"C:/ti/ccsv8/tools/compiler/ti-cgt-arm_18.1.4.LTS/lib" -i"C:/ti/ccsv8/tools/compiler/ti-cgt-arm_18.1.4.LTS/include" --reread_libs --diag_wrap=off --display_error_number --warn_sections --xml_link_info="SPI_ESCLAVO_linkInfo.xml" --rom_model -o "SPI_ESCLAVO.out" "./main.obj" "./tm4c1294ncpdt_startup_ccs.obj" "../tm4c1294ncpdt.cmd"  -llibc.a 
<Linking>
Finished building target: "SPI_ESCLAVO.out"
 

**** Build Finished ****

**** Build of configuration Debug for project SPI_ESCLAVO ****

"C:\\ti\\ccsv8\\utils\\bin\\gmake" -k -j 4 all -O 
 
Building file: "../main.c"
Invoking: ARM Compiler
"C:/ti/ccsv8/tools/compiler/ti-cgt-arm_18.1.4.LTS/bin/armcl" -mv7M4 --code_state=16 --float_support=FPv4SPD16 -me --include_path="C:/Users/Gamma/Desktop/Trabajo Servicio/TIVA/SPI_ESCLAVO" --include_path="C:/ti/TivaWare_C_Series-2.1.4.178/inc" --include_path="C:/ti/ccsv8/tools/compiler/ti-cgt-arm_18.1.4.LTS/include" --define=ccs="ccs" --define=PART_TM4C1294NCPDT -g --gcc --diag_warning=225 --diag_wrap=off --display_error_number --abi=eabi --preproc_with_compile --preproc_dependency="main.d_raw"  "../main.c"
Finished building: "../main.c"
 
Building target: "SPI_ESCLAVO.out"
Invoking: ARM Linker
"C:/ti/ccsv8/tools/compiler/ti-cgt-arm_18.1.4.LTS/bin/armcl" -mv7M4 --code_state=16 --float_support=FPv4SPD16 -me --define=ccs="ccs" --define=PART_TM4C1294NCPDT -g --gcc --diag_warning=225 --diag_wrap=off --display_error_number --abi=eabi -z -m"SPI_ESCLAVO.map" --heap_size=0 --stack_size=512 -i"C:/ti/ccsv8/tools/compiler/ti-cgt-arm_18.1.4.LTS/lib" -i"C:/ti/ccsv8/tools/compiler/ti-cgt-arm_18.1.4.LTS/include" --reread_libs --diag_wrap=off --display_error_number --warn_sections --xml_link_info="SPI_ESCLAVO_linkInfo.xml" --rom_model -o "SPI_ESCLAVO.out" "./main.obj" "./tm4c1294ncpdt_startup_ccs.obj" "../tm4c1294ncpdt.cmd"  -llibc.a 
<Linking>
Finished building target: "SPI_ESCLAVO.out"
 

**** Build Finished ****

**** Build of configuration Debug for project SPI_ESCLAVO ****

"C:\\ti\\ccsv8\\utils\\bin\\gmake" -k -j 4 all -O 
 
Building file: "../main.c"
Invoking: ARM Compiler
"C:/ti/ccsv8/tools/compiler/ti-cgt-arm_18.1.4.LTS/bin/armcl" -mv7M4 --code_state=16 --float_support=FPv4SPD16 -me --include_path="C:/Users/Gamma/Desktop/Trabajo Servicio/TIVA/SPI_ESCLAVO" --include_path="C:/ti/TivaWare_C_Series-2.1.4.178/inc" --include_path="C:/ti/ccsv8/tools/compiler/ti-cgt-arm_18.1.4.LTS/include" --define=ccs="ccs" --define=PART_TM4C1294NCPDT -g --gcc --diag_warning=225 --diag_wrap=off --display_error_number --abi=eabi --preproc_with_compile --preproc_dependency="main.d_raw"  "../main.c"
Finished building: "../main.c"
 
Building target: "SPI_ESCLAVO.out"
Invoking: ARM Linker
"C:/ti/ccsv8/tools/compiler/ti-cgt-arm_18.1.4.LTS/bin/armcl" -mv7M4 --code_state=16 --float_support=FPv4SPD16 -me --define=ccs="ccs" --define=PART_TM4C1294NCPDT -g --gcc --diag_warning=225 --diag_wrap=off --display_error_number --abi=eabi -z -m"SPI_ESCLAVO.map" --heap_size=0 --stack_size=512 -i"C:/ti/ccsv8/tools/compiler/ti-cgt-arm_18.1.4.LTS/lib" -i"C:/ti/ccsv8/tools/compiler/ti-cgt-arm_18.1.4.LTS/include" --reread_libs --diag_wrap=off --display_error_number --warn_sections --xml_link_info="SPI_ESCLAVO_linkInfo.xml" --rom_model -o "SPI_ESCLAVO.out" "./main.obj" "./tm4c1294ncpdt_startup_ccs.obj" "../tm4c1294ncpdt.cmd"  -llibc.a 
<Linking>
Finished building target: "SPI_ESCLAVO.out"
 

**** Build Finished ****

**** Build of configuration Debug for project SPI_ESCLAVO ****

"C:\\ti\\ccsv8\\utils\\bin\\gmake" -k -j 4 all -O 
 
Building file: "../main.c"
Invoking: ARM Compiler
"C:/ti/ccsv8/tools/compiler/ti-cgt-arm_18.1.4.LTS/bin/armcl" -mv7M4 --code_state=16 --float_support=FPv4SPD16 -me --include_path="C:/Users/Gamma/Desktop/Trabajo Servicio/TIVA/SPI_ESCLAVO" --include_path="C:/ti/TivaWare_C_Series-2.1.4.178/inc" --include_path="C:/ti/ccsv8/tools/compiler/ti-cgt-arm_18.1.4.LTS/include" --define=ccs="ccs" --define=PART_TM4C1294NCPDT -g --gcc --diag_warning=225 --diag_wrap=off --display_error_number --abi=eabi --preproc_with_compile --preproc_dependency="main.d_raw"  "../main.c"
Finished building: "../main.c"
 
Building target: "SPI_ESCLAVO.out"
Invoking: ARM Linker
"C:/ti/ccsv8/tools/compiler/ti-cgt-arm_18.1.4.LTS/bin/armcl" -mv7M4 --code_state=16 --float_support=FPv4SPD16 -me --define=ccs="ccs" --define=PART_TM4C1294NCPDT -g --gcc --diag_warning=225 --diag_wrap=off --display_error_number --abi=eabi -z -m"SPI_ESCLAVO.map" --heap_size=0 --stack_size=512 -i"C:/ti/ccsv8/tools/compiler/ti-cgt-arm_18.1.4.LTS/lib" -i"C:/ti/ccsv8/tools/compiler/ti-cgt-arm_18.1.4.LTS/include" --reread_libs --diag_wrap=off --display_error_number --warn_sections --xml_link_info="SPI_ESCLAVO_linkInfo.xml" --rom_model -o "SPI_ESCLAVO.out" "./main.obj" "./tm4c1294ncpdt_startup_ccs.obj" "../tm4c1294ncpdt.cmd"  -llibc.a 
<Linking>
Finished building target: "SPI_ESCLAVO.out"
 

**** Build Finished ****

**** Build of configuration Debug for project SPI_ESCLAVO ****

"C:\\ti\\ccsv8\\utils\\bin\\gmake" -k -j 4 all -O 
 
gmake[1]: 'SPI_ESCLAVO.out' is up to date.

**** Build Finished ****

**** Build of configuration Debug for project SPI_ESCLAVO ****

"C:\\ti\\ccsv8\\utils\\bin\\gmake" -k -j 4 all -O 
 
gmake[1]: 'SPI_ESCLAVO.out' is up to date.

**** Build Finished ****

**** Build of configuration Debug for project SPI_ESCLAVO ****

"C:\\ti\\ccsv8\\utils\\bin\\gmake" -k -j 4 all -O 
 
Building file: "../main.c"
Invoking: ARM Compiler
"C:/ti/ccsv8/tools/compiler/ti-cgt-arm_18.1.4.LTS/bin/armcl" -mv7M4 --code_state=16 --float_support=FPv4SPD16 -me --include_path="C:/Users/Gamma/Desktop/Trabajo Servicio/TIVA/SPI_ESCLAVO" --include_path="C:/ti/TivaWare_C_Series-2.1.4.178/inc" --include_path="C:/ti/ccsv8/tools/compiler/ti-cgt-arm_18.1.4.LTS/include" --define=ccs="ccs" --define=PART_TM4C1294NCPDT -g --gcc --diag_warning=225 --diag_wrap=off --display_error_number --abi=eabi --preproc_with_compile --preproc_dependency="main.d_raw"  "../main.c"
Finished building: "../main.c"
 
Building target: "SPI_ESCLAVO.out"
Invoking: ARM Linker
"C:/ti/ccsv8/tools/compiler/ti-cgt-arm_18.1.4.LTS/bin/armcl" -mv7M4 --code_state=16 --float_support=FPv4SPD16 -me --define=ccs="ccs" --define=PART_TM4C1294NCPDT -g --gcc --diag_warning=225 --diag_wrap=off --display_error_number --abi=eabi -z -m"SPI_ESCLAVO.map" --heap_size=0 --stack_size=512 -i"C:/ti/ccsv8/tools/compiler/ti-cgt-arm_18.1.4.LTS/lib" -i"C:/ti/ccsv8/tools/compiler/ti-cgt-arm_18.1.4.LTS/include" --reread_libs --diag_wrap=off --display_error_number --warn_sections --xml_link_info="SPI_ESCLAVO_linkInfo.xml" --rom_model -o "SPI_ESCLAVO.out" "./main.obj" "./tm4c1294ncpdt_startup_ccs.obj" "../tm4c1294ncpdt.cmd"  -llibc.a 
<Linking>
Finished building target: "SPI_ESCLAVO.out"
 

**** Build Finished ****

**** Build of configuration Debug for project SPI_ESCLAVO ****

"C:\\ti\\ccsv8\\utils\\bin\\gmake" -k -j 4 all -O 
 
Building file: "../main.c"
Invoking: ARM Compiler
"C:/ti/ccsv8/tools/compiler/ti-cgt-arm_18.1.4.LTS/bin/armcl" -mv7M4 --code_state=16 --float_support=FPv4SPD16 -me --include_path="C:/Users/Gamma/Desktop/Trabajo Servicio/TIVA/SPI_ESCLAVO" --include_path="C:/ti/TivaWare_C_Series-2.1.4.178/inc" --include_path="C:/ti/ccsv8/tools/compiler/ti-cgt-arm_18.1.4.LTS/include" --define=ccs="ccs" --define=PART_TM4C1294NCPDT -g --gcc --diag_warning=225 --diag_wrap=off --display_error_number --abi=eabi --preproc_with_compile --preproc_dependency="main.d_raw"  "../main.c"
Finished building: "../main.c"
 
Building target: "SPI_ESCLAVO.out"
Invoking: ARM Linker
"C:/ti/ccsv8/tools/compiler/ti-cgt-arm_18.1.4.LTS/bin/armcl" -mv7M4 --code_state=16 --float_support=FPv4SPD16 -me --define=ccs="ccs" --define=PART_TM4C1294NCPDT -g --gcc --diag_warning=225 --diag_wrap=off --display_error_number --abi=eabi -z -m"SPI_ESCLAVO.map" --heap_size=0 --stack_size=512 -i"C:/ti/ccsv8/tools/compiler/ti-cgt-arm_18.1.4.LTS/lib" -i"C:/ti/ccsv8/tools/compiler/ti-cgt-arm_18.1.4.LTS/include" --reread_libs --diag_wrap=off --display_error_number --warn_sections --xml_link_info="SPI_ESCLAVO_linkInfo.xml" --rom_model -o "SPI_ESCLAVO.out" "./main.obj" "./tm4c1294ncpdt_startup_ccs.obj" "../tm4c1294ncpdt.cmd"  -llibc.a 
<Linking>
Finished building target: "SPI_ESCLAVO.out"
 

**** Build Finished ****

**** Build of configuration Debug for project SPI_ESCLAVO ****

"C:\\ti\\ccsv8\\utils\\bin\\gmake" -k -j 4 all -O 
 
Building file: "../tm4c1294ncpdt_startup_ccs.c"
Invoking: ARM Compiler
"C:/ti/ccsv8/tools/compiler/ti-cgt-arm_18.1.4.LTS/bin/armcl" -mv7M4 --code_state=16 --float_support=FPv4SPD16 -me --include_path="C:/Users/Gamma/Desktop/Trabajo Servicio/TIVA/SPI_ESCLAVO" --include_path="C:/ti/TivaWare_C_Series-2.1.4.178/inc" --include_path="C:/ti/ccsv8/tools/compiler/ti-cgt-arm_18.1.4.LTS/include" --define=ccs="ccs" --define=PART_TM4C1294NCPDT -g --gcc --diag_warning=225 --diag_wrap=off --display_error_number --abi=eabi --preproc_with_compile --preproc_dependency="tm4c1294ncpdt_startup_ccs.d_raw"  "../tm4c1294ncpdt_startup_ccs.c"
Finished building: "../tm4c1294ncpdt_startup_ccs.c"
 
Building target: "SPI_ESCLAVO.out"
Invoking: ARM Linker
"C:/ti/ccsv8/tools/compiler/ti-cgt-arm_18.1.4.LTS/bin/armcl" -mv7M4 --code_state=16 --float_support=FPv4SPD16 -me --define=ccs="ccs" --define=PART_TM4C1294NCPDT -g --gcc --diag_warning=225 --diag_wrap=off --display_error_number --abi=eabi -z -m"SPI_ESCLAVO.map" --heap_size=0 --stack_size=512 -i"C:/ti/ccsv8/tools/compiler/ti-cgt-arm_18.1.4.LTS/lib" -i"C:/ti/ccsv8/tools/compiler/ti-cgt-arm_18.1.4.LTS/include" --reread_libs --diag_wrap=off --display_error_number --warn_sections --xml_link_info="SPI_ESCLAVO_linkInfo.xml" --rom_model -o "SPI_ESCLAVO.out" "./main.obj" "./tm4c1294ncpdt_startup_ccs.obj" "../tm4c1294ncpdt.cmd"  -llibc.a 
<Linking>
Finished building target: "SPI_ESCLAVO.out"
 

**** Build Finished ****

**** Build of configuration Debug for project SPI_ESCLAVO ****

"C:\\ti\\ccsv8\\utils\\bin\\gmake" -k -j 4 all -O 
 
gmake[1]: 'SPI_ESCLAVO.out' is up to date.

**** Build Finished ****

**** Build of configuration Debug for project SPI_ESCLAVO ****

"C:\\ti\\ccsv8\\utils\\bin\\gmake" -k -j 4 all -O 
 
gmake[1]: 'SPI_ESCLAVO.out' is up to date.

**** Build Finished ****

**** Build of configuration Debug for project SPI_ESCLAVO ****

"C:\\ti\\ccsv8\\utils\\bin\\gmake" -k -j 4 all -O 
 
gmake[1]: 'SPI_ESCLAVO.out' is up to date.

**** Build Finished ****

**** Build of configuration Debug for project SPI_ESCLAVO ****

"C:\\ti\\ccsv8\\utils\\bin\\gmake" -k -j 4 all -O 
 
gmake[1]: 'SPI_ESCLAVO.out' is up to date.

**** Build Finished ****

**** Build of configuration Debug for project SPI_ESCLAVO ****

"C:\\ti\\ccsv8\\utils\\bin\\gmake" -k -j 4 all -O 
 
gmake[1]: 'SPI_ESCLAVO.out' is up to date.

**** Build Finished ****

**** Build of configuration Debug for project SPI_ESCLAVO ****

"C:\\ti\\ccsv8\\utils\\bin\\gmake" -k -j 4 all -O 
 
Building file: "../main.c"
Invoking: ARM Compiler
"C:/ti/ccsv8/tools/compiler/ti-cgt-arm_18.1.4.LTS/bin/armcl" -mv7M4 --code_state=16 --float_support=FPv4SPD16 -me --include_path="C:/Users/Gamma/Desktop/Trabajo Servicio/TIVA/SPI_ESCLAVO" --include_path="C:/ti/TivaWare_C_Series-2.1.4.178/inc" --include_path="C:/ti/ccsv8/tools/compiler/ti-cgt-arm_18.1.4.LTS/include" --define=ccs="ccs" --define=PART_TM4C1294NCPDT -g --gcc --diag_warning=225 --diag_wrap=off --display_error_number --abi=eabi --preproc_with_compile --preproc_dependency="main.d_raw"  "../main.c"
Finished building: "../main.c"
 
Building target: "SPI_ESCLAVO.out"
Invoking: ARM Linker
"C:/ti/ccsv8/tools/compiler/ti-cgt-arm_18.1.4.LTS/bin/armcl" -mv7M4 --code_state=16 --float_support=FPv4SPD16 -me --define=ccs="ccs" --define=PART_TM4C1294NCPDT -g --gcc --diag_warning=225 --diag_wrap=off --display_error_number --abi=eabi -z -m"SPI_ESCLAVO.map" --heap_size=0 --stack_size=512 -i"C:/ti/ccsv8/tools/compiler/ti-cgt-arm_18.1.4.LTS/lib" -i"C:/ti/ccsv8/tools/compiler/ti-cgt-arm_18.1.4.LTS/include" --reread_libs --diag_wrap=off --display_error_number --warn_sections --xml_link_info="SPI_ESCLAVO_linkInfo.xml" --rom_model -o "SPI_ESCLAVO.out" "./main.obj" "./tm4c1294ncpdt_startup_ccs.obj" "../tm4c1294ncpdt.cmd"  -llibc.a 
<Linking>
Finished building target: "SPI_ESCLAVO.out"
 

**** Build Finished ****

**** Build of configuration Debug for project SPI_ESCLAVO ****

"C:\\ti\\ccsv8\\utils\\bin\\gmake" -k -j 4 all -O 
 
Building file: "../main.c"
Invoking: ARM Compiler
"C:/ti/ccsv8/tools/compiler/ti-cgt-arm_18.1.4.LTS/bin/armcl" -mv7M4 --code_state=16 --float_support=FPv4SPD16 -me --include_path="C:/Users/Gamma/Desktop/Trabajo Servicio/TIVA/SPI_ESCLAVO" --include_path="C:/ti/TivaWare_C_Series-2.1.4.178/inc" --include_path="C:/ti/ccsv8/tools/compiler/ti-cgt-arm_18.1.4.LTS/include" --define=ccs="ccs" --define=PART_TM4C1294NCPDT -g --gcc --diag_warning=225 --diag_wrap=off --display_error_number --abi=eabi --preproc_with_compile --preproc_dependency="main.d_raw"  "../main.c"
Finished building: "../main.c"
 
Building target: "SPI_ESCLAVO.out"
Invoking: ARM Linker
"C:/ti/ccsv8/tools/compiler/ti-cgt-arm_18.1.4.LTS/bin/armcl" -mv7M4 --code_state=16 --float_support=FPv4SPD16 -me --define=ccs="ccs" --define=PART_TM4C1294NCPDT -g --gcc --diag_warning=225 --diag_wrap=off --display_error_number --abi=eabi -z -m"SPI_ESCLAVO.map" --heap_size=0 --stack_size=512 -i"C:/ti/ccsv8/tools/compiler/ti-cgt-arm_18.1.4.LTS/lib" -i"C:/ti/ccsv8/tools/compiler/ti-cgt-arm_18.1.4.LTS/include" --reread_libs --diag_wrap=off --display_error_number --warn_sections --xml_link_info="SPI_ESCLAVO_linkInfo.xml" --rom_model -o "SPI_ESCLAVO.out" "./main.obj" "./tm4c1294ncpdt_startup_ccs.obj" "../tm4c1294ncpdt.cmd"  -llibc.a 
<Linking>
Finished building target: "SPI_ESCLAVO.out"
 

**** Build Finished ****

**** Build of configuration Debug for project SPI_ESCLAVO ****

"C:\\ti\\ccsv8\\utils\\bin\\gmake" -k -j 4 all -O 
 
Building file: "../main.c"
Invoking: ARM Compiler
"C:/ti/ccsv8/tools/compiler/ti-cgt-arm_18.1.4.LTS/bin/armcl" -mv7M4 --code_state=16 --float_support=FPv4SPD16 -me --include_path="C:/Users/Gamma/Desktop/Trabajo Servicio/TIVA/SPI_ESCLAVO" --include_path="C:/ti/TivaWare_C_Series-2.1.4.178/inc" --include_path="C:/ti/ccsv8/tools/compiler/ti-cgt-arm_18.1.4.LTS/include" --define=ccs="ccs" --define=PART_TM4C1294NCPDT -g --gcc --diag_warning=225 --diag_wrap=off --display_error_number --abi=eabi --preproc_with_compile --preproc_dependency="main.d_raw"  "../main.c"
 
>> Compilation failure
subdir_rules.mk:9: recipe for target 'main.obj' failed
"../main.c", line 65: error #20: identifier "Esperamos" is undefined
"../main.c", line 65: error #66: expected a ";"
2 errors detected in the compilation of "../main.c".
gmake: *** [main.obj] Error 1
gmake: Target 'all' not remade because of errors.

**** Build Finished ****

**** Build of configuration Debug for project SPI_ESCLAVO ****

"C:\\ti\\ccsv8\\utils\\bin\\gmake" -k -j 4 all -O 
 
Building file: "../main.c"
Invoking: ARM Compiler
"C:/ti/ccsv8/tools/compiler/ti-cgt-arm_18.1.4.LTS/bin/armcl" -mv7M4 --code_state=16 --float_support=FPv4SPD16 -me --include_path="C:/Users/Gamma/Desktop/Trabajo Servicio/TIVA/SPI_ESCLAVO" --include_path="C:/ti/TivaWare_C_Series-2.1.4.178/inc" --include_path="C:/ti/ccsv8/tools/compiler/ti-cgt-arm_18.1.4.LTS/include" --define=ccs="ccs" --define=PART_TM4C1294NCPDT -g --gcc --diag_warning=225 --diag_wrap=off --display_error_number --abi=eabi --preproc_with_compile --preproc_dependency="main.d_raw"  "../main.c"
 
>> Compilation failure
subdir_rules.mk:9: recipe for target 'main.obj' failed
"../main.c", line 65: error #20: identifier "Esperamos" is undefined
"../main.c", line 65: error #66: expected a ";"
2 errors detected in the compilation of "../main.c".
gmake: *** [main.obj] Error 1
gmake: Target 'all' not remade because of errors.

**** Build Finished ****

**** Build of configuration Debug for project SPI_ESCLAVO ****

"C:\\ti\\ccsv8\\utils\\bin\\gmake" -k -j 4 all -O 
 
Building file: "../main.c"
Invoking: ARM Compiler
"C:/ti/ccsv8/tools/compiler/ti-cgt-arm_18.1.4.LTS/bin/armcl" -mv7M4 --code_state=16 --float_support=FPv4SPD16 -me --include_path="C:/Users/Gamma/Desktop/Trabajo Servicio/TIVA/SPI_ESCLAVO" --include_path="C:/ti/TivaWare_C_Series-2.1.4.178/inc" --include_path="C:/ti/ccsv8/tools/compiler/ti-cgt-arm_18.1.4.LTS/include" --define=ccs="ccs" --define=PART_TM4C1294NCPDT -g --gcc --diag_warning=225 --diag_wrap=off --display_error_number --abi=eabi --preproc_with_compile --preproc_dependency="main.d_raw"  "../main.c"
Finished building: "../main.c"
 
Building target: "SPI_ESCLAVO.out"
Invoking: ARM Linker
"C:/ti/ccsv8/tools/compiler/ti-cgt-arm_18.1.4.LTS/bin/armcl" -mv7M4 --code_state=16 --float_support=FPv4SPD16 -me --define=ccs="ccs" --define=PART_TM4C1294NCPDT -g --gcc --diag_warning=225 --diag_wrap=off --display_error_number --abi=eabi -z -m"SPI_ESCLAVO.map" --heap_size=0 --stack_size=512 -i"C:/ti/ccsv8/tools/compiler/ti-cgt-arm_18.1.4.LTS/lib" -i"C:/ti/ccsv8/tools/compiler/ti-cgt-arm_18.1.4.LTS/include" --reread_libs --diag_wrap=off --display_error_number --warn_sections --xml_link_info="SPI_ESCLAVO_linkInfo.xml" --rom_model -o "SPI_ESCLAVO.out" "./main.obj" "./tm4c1294ncpdt_startup_ccs.obj" "../tm4c1294ncpdt.cmd"  -llibc.a 
<Linking>
Finished building target: "SPI_ESCLAVO.out"
 

**** Build Finished ****
